c:\users\podgi_000\documents\github\oglvisualizer\oglwin32\release\vc120.pdb
c:\users\podgi_000\documents\github\oglvisualizer\oglwin32\release\vector.obj
c:\users\podgi_000\documents\github\oglvisualizer\oglwin32\release\oglwindow.obj
c:\users\podgi_000\documents\github\oglvisualizer\oglwin32\release\oglwin32.obj
c:\users\podgi_000\documents\github\oglvisualizer\oglwin32\release\ogltext.obj
c:\users\podgi_000\documents\github\oglvisualizer\oglwin32\release\oglshape.obj
c:\users\podgi_000\documents\github\oglvisualizer\oglwin32\release\oglrectangle.obj
c:\users\podgi_000\documents\github\oglvisualizer\oglwin32\release\oglline.obj
c:\users\podgi_000\documents\github\oglvisualizer\oglwin32\release\oglarc.obj
c:\users\podgi_000\documents\github\oglvisualizer\oglwin32\release\oglapplication.obj
c:\users\podgi_000\documents\github\oglvisualizer\oglwin32\release\matrix.obj
c:\users\podgi_000\documents\github\oglvisualizer\oglwin32\release\mathhelper.obj
c:\users\podgi_000\documents\github\oglvisualizer\oglwin32\release\glfont.obj
c:\users\podgi_000\documents\github\oglvisualizer\oglwin32\release\fileopen.obj
c:\users\podgi_000\documents\github\oglvisualizer\oglwin32\release\csvparser.obj
c:\users\podgi_000\documents\github\oglvisualizer\oglwin32\release\color.obj
c:\users\podgi_000\documents\github\oglvisualizer\release\oglwin32.exe
c:\users\podgi_000\documents\github\oglvisualizer\release\oglwin32.pdb
c:\users\podgi_000\documents\github\oglvisualizer\oglwin32\release\oglwin32.res
c:\users\podgi_000\documents\github\oglvisualizer\oglwin32\release\oglwin32.tlog\cl.command.1.tlog
c:\users\podgi_000\documents\github\oglvisualizer\oglwin32\release\oglwin32.tlog\cl.read.1.tlog
c:\users\podgi_000\documents\github\oglvisualizer\oglwin32\release\oglwin32.tlog\cl.write.1.tlog
c:\users\podgi_000\documents\github\oglvisualizer\oglwin32\release\oglwin32.tlog\link.command.1.tlog
c:\users\podgi_000\documents\github\oglvisualizer\oglwin32\release\oglwin32.tlog\link.read.1.tlog
c:\users\podgi_000\documents\github\oglvisualizer\oglwin32\release\oglwin32.tlog\link.write.1.tlog
c:\users\podgi_000\documents\github\oglvisualizer\oglwin32\release\oglwin32.tlog\rc.command.1.tlog
c:\users\podgi_000\documents\github\oglvisualizer\oglwin32\release\oglwin32.tlog\rc.read.1.tlog
c:\users\podgi_000\documents\github\oglvisualizer\oglwin32\release\oglwin32.tlog\rc.write.1.tlog
