c:\users\podgi_000\google drive\oglwin32\oglwin32\debug\vc120.pdb
c:\users\podgi_000\google drive\oglwin32\oglwin32\debug\vc120.idb
c:\users\podgi_000\google drive\oglwin32\oglwin32\debug\matrix.obj
c:\users\podgi_000\google drive\oglwin32\oglwin32\debug\oglrectangle.obj
c:\users\podgi_000\google drive\oglwin32\oglwin32\debug\oglwin32.obj
c:\users\podgi_000\google drive\oglwin32\oglwin32\debug\oglwindow.obj
c:\users\podgi_000\google drive\oglwin32\oglwin32\debug\vec2.obj
c:\users\podgi_000\google drive\oglwin32\oglwin32\debug\csvparser.obj
c:\users\podgi_000\google drive\oglwin32\oglwin32\debug\oglapplication.obj
c:\users\podgi_000\google drive\oglwin32\oglwin32\debug\fileopen.obj
c:\users\podgi_000\google drive\oglwin32\oglwin32\debug\vec3.obj
c:\users\podgi_000\google drive\oglwin32\oglwin32\debug\mathhelper.obj
c:\users\podgi_000\google drive\oglwin32\oglwin32\debug\color.obj
c:\users\podgi_000\google drive\oglwin32\oglwin32\debug\oglshape.obj
c:\users\podgi_000\google drive\oglwin32\debug\oglwin32.ilk
c:\users\podgi_000\google drive\oglwin32\debug\oglwin32.exe
c:\users\podgi_000\google drive\oglwin32\debug\oglwin32.pdb
c:\users\podgi_000\google drive\oglwin32\oglwin32\debug\oglwin32.res
c:\users\podgi_000\google drive\oglwin32\oglwin32\debug\oglwin32.tlog\cl.command.1.tlog
c:\users\podgi_000\google drive\oglwin32\oglwin32\debug\oglwin32.tlog\cl.read.1.tlog
c:\users\podgi_000\google drive\oglwin32\oglwin32\debug\oglwin32.tlog\cl.write.1.tlog
c:\users\podgi_000\google drive\oglwin32\oglwin32\debug\oglwin32.tlog\link.command.1.tlog
c:\users\podgi_000\google drive\oglwin32\oglwin32\debug\oglwin32.tlog\link.read.1.tlog
c:\users\podgi_000\google drive\oglwin32\oglwin32\debug\oglwin32.tlog\link.write.1.tlog
c:\users\podgi_000\google drive\oglwin32\oglwin32\debug\oglwin32.tlog\rc.command.1.tlog
c:\users\podgi_000\google drive\oglwin32\oglwin32\debug\oglwin32.tlog\rc.read.1.tlog
c:\users\podgi_000\google drive\oglwin32\oglwin32\debug\oglwin32.tlog\rc.write.1.tlog
